adabyte.adb:1:09: warning: no entities of "Ada.Text_IO" are referenced [-gnatwu]
adabyte.adb:1:20: warning: use clause for package "Text_IO" has no effect [-gnatwu]
adabyte.adb:2:06: warning: no entities of "Instances" are referenced [-gnatwu]
adabyte.adb:2:20: warning: use clause for package "Instances" has no effect [-gnatwu]
adabyte.adb:3:06: warning: no entities of "Instructions" are referenced [-gnatwu]
adabyte.adb:3:20: warning: use clause for package "Instructions" has no effect [-gnatwu]
adabyte.adb:4:06: warning: no entities of "Interpreter" are referenced [-gnatwu]
adabyte.adb:4:20: warning: use clause for package "Interpreter" has no effect [-gnatwu]
adabyte.adb:5:06: warning: no entities of "Types" are referenced [-gnatwu]
adabyte.adb:5:20: warning: use clause for package "Types" has no effect [-gnatwu]
adabyte.adb:6:06: warning: no entities of "Interfaces" are referenced [-gnatwu]
adabyte.adb:6:20: warning: use clause for package "Interfaces" has no effect [-gnatwu]
adabyte.adb:7:06: warning: no entities of "Stack" are referenced [-gnatwu]
adabyte.adb:7:20: warning: use clause for package "Stack" has no effect [-gnatwu]
adabyte.adb:8:06: warning: no entities of "Parser" are referenced [-gnatwu]
adabyte.adb:8:20: warning: use clause for package "Parser" has no effect [-gnatwu]
adabyte.adb:9:06: warning: no entities of "Values" are referenced [-gnatwu]
adabyte.adb:9:20: warning: use clause for package "Values" has no effect [-gnatwu]
adabyte.adb:10:06: warning: no entities of "Wasm" are referenced [-gnatwu]
adabyte.adb:10:20: warning: use clause for package "Wasm" has no effect [-gnatwu]
adabyte.adb:11:06: warning: no entities of "Module" are referenced [-gnatwu]
adabyte.adb:11:20: warning: use clause for package "Module" has no effect [-gnatwu]
